Started GET "/" for 175.177.42.146 at 2021-10-22 14:09:44 +0000
Cannot render console from 175.177.42.146! Allowed networks: 127.0.0.1, ::1, 127.0.0.0/127.255.255.255
  
ActiveRecord::PendingMigrationError (

Migrations are pending. To resolve this issue, run:

        bin/rails db:migrate RAILS_ENV=development

):
  
activerecord (5.2.6) lib/active_record/migration.rb:579:in `check_pending!'
activerecord (5.2.6) lib/active_record/migration.rb:556:in `call'
actionpack (5.2.6) lib/action_dispatch/middleware/callbacks.rb:28:in `block in call'
activesupport (5.2.6) lib/active_support/callbacks.rb:98:in `run_callbacks'
actionpack (5.2.6) lib/action_dispatch/middleware/callbacks.rb:26:in `call'
actionpack (5.2.6) lib/action_dispatch/middleware/executor.rb:14:in `call'
actionpack (5.2.6) lib/action_dispatch/middleware/debug_exceptions.rb:61:in `call'
web-console (3.7.0) lib/web_console/middleware.rb:135:in `call_app'
web-console (3.7.0) lib/web_console/middleware.rb:22:in `block in call'
web-console (3.7.0) lib/web_console/middleware.rb:20:in `catch'
web-console (3.7.0) lib/web_console/middleware.rb:20:in `call'
actionpack (5.2.6) lib/action_dispatch/middleware/show_exceptions.rb:33:in `call'
railties (5.2.6) lib/rails/rack/logger.rb:38:in `call_app'
railties (5.2.6) lib/rails/rack/logger.rb:26:in `block in call'
activesupport (5.2.6) lib/active_support/tagged_logging.rb:71:in `block in tagged'
activesupport (5.2.6) lib/active_support/tagged_logging.rb:28:in `tagged'
activesupport (5.2.6) lib/active_support/tagged_logging.rb:71:in `tagged'
railties (5.2.6) lib/rails/rack/logger.rb:26:in `call'
sprockets-rails (3.2.2) lib/sprockets/rails/quiet_assets.rb:13:in `call'
actionpack (5.2.6) lib/action_dispatch/middleware/remote_ip.rb:81:in `call'
actionpack (5.2.6) lib/action_dispatch/middleware/request_id.rb:27:in `call'
rack (2.2.3) lib/rack/method_override.rb:24:in `call'
rack (2.2.3) lib/rack/runtime.rb:22:in `call'
activesupport (5.2.6) lib/active_support/cache/strategy/local_cache_middleware.rb:29:in `call'
actionpack (5.2.6) lib/action_dispatch/middleware/executor.rb:14:in `call'
actionpack (5.2.6) lib/action_dispatch/middleware/static.rb:127:in `call'
rack (2.2.3) lib/rack/sendfile.rb:110:in `call'
railties (5.2.6) lib/rails/engine.rb:524:in `call'
puma (3.12.6) lib/puma/configuration.rb:227:in `call'
puma (3.12.6) lib/puma/server.rb:706:in `handle_request'
puma (3.12.6) lib/puma/server.rb:476:in `process_client'
puma (3.12.6) lib/puma/server.rb:334:in `block in run'
puma (3.12.6) lib/puma/thread_pool.rb:135:in `block in spawn_thread'
Started GET "/" for 175.177.42.146 at 2021-10-22 14:09:48 +0000
Cannot render console from 175.177.42.146! Allowed networks: 127.0.0.1, ::1, 127.0.0.0/127.255.255.255
  
ActiveRecord::PendingMigrationError (

Migrations are pending. To resolve this issue, run:

        bin/rails db:migrate RAILS_ENV=development

):
  
activerecord (5.2.6) lib/active_record/migration.rb:579:in `check_pending!'
activerecord (5.2.6) lib/active_record/migration.rb:556:in `call'
actionpack (5.2.6) lib/action_dispatch/middleware/callbacks.rb:28:in `block in call'
activesupport (5.2.6) lib/active_support/callbacks.rb:98:in `run_callbacks'
actionpack (5.2.6) lib/action_dispatch/middleware/callbacks.rb:26:in `call'
actionpack (5.2.6) lib/action_dispatch/middleware/executor.rb:14:in `call'
actionpack (5.2.6) lib/action_dispatch/middleware/debug_exceptions.rb:61:in `call'
web-console (3.7.0) lib/web_console/middleware.rb:135:in `call_app'
web-console (3.7.0) lib/web_console/middleware.rb:22:in `block in call'
web-console (3.7.0) lib/web_console/middleware.rb:20:in `catch'
web-console (3.7.0) lib/web_console/middleware.rb:20:in `call'
actionpack (5.2.6) lib/action_dispatch/middleware/show_exceptions.rb:33:in `call'
railties (5.2.6) lib/rails/rack/logger.rb:38:in `call_app'
railties (5.2.6) lib/rails/rack/logger.rb:26:in `block in call'
activesupport (5.2.6) lib/active_support/tagged_logging.rb:71:in `block in tagged'
activesupport (5.2.6) lib/active_support/tagged_logging.rb:28:in `tagged'
activesupport (5.2.6) lib/active_support/tagged_logging.rb:71:in `tagged'
railties (5.2.6) lib/rails/rack/logger.rb:26:in `call'
sprockets-rails (3.2.2) lib/sprockets/rails/quiet_assets.rb:13:in `call'
actionpack (5.2.6) lib/action_dispatch/middleware/remote_ip.rb:81:in `call'
actionpack (5.2.6) lib/action_dispatch/middleware/request_id.rb:27:in `call'
rack (2.2.3) lib/rack/method_override.rb:24:in `call'
rack (2.2.3) lib/rack/runtime.rb:22:in `call'
activesupport (5.2.6) lib/active_support/cache/strategy/local_cache_middleware.rb:29:in `call'
actionpack (5.2.6) lib/action_dispatch/middleware/executor.rb:14:in `call'
actionpack (5.2.6) lib/action_dispatch/middleware/static.rb:127:in `call'
rack (2.2.3) lib/rack/sendfile.rb:110:in `call'
railties (5.2.6) lib/rails/engine.rb:524:in `call'
puma (3.12.6) lib/puma/configuration.rb:227:in `call'
puma (3.12.6) lib/puma/server.rb:706:in `handle_request'
puma (3.12.6) lib/puma/server.rb:476:in `process_client'
puma (3.12.6) lib/puma/server.rb:334:in `block in run'
puma (3.12.6) lib/puma/thread_pool.rb:135:in `block in spawn_thread'
  [1m[35m (0.1ms)[0m  [1m[34mSELECT sqlite_version(*)[0m
  â†³ bin/rails:9
  [1m[35m (5.4ms)[0m  [1m[35mCREATE TABLE "schema_migrations" ("version" varchar NOT NULL PRIMARY KEY)[0m
  â†³ bin/rails:9
  [1m[35m (3.4ms)[0m  [1m[35mCREATE TABLE "ar_internal_metadata" ("key" varchar NOT NULL PRIMARY KEY, "value" varchar, "created_at" datetime NOT NULL, "updated_at" datetime NOT NULL)[0m
  â†³ bin/rails:9
  [1m[35m (0.1ms)[0m  [1m[34mSELECT "schema_migrations"."version" FROM "schema_migrations" ORDER BY "schema_migrations"."version" ASC[0m
  â†³ bin/rails:9
Migrating to DeviseCreateCustomers (20211008115751)
  [1m[35m (0.0ms)[0m  [1m[36mbegin transaction[0m
  â†³ bin/rails:9
  [1m[35m (0.3ms)[0m  [1m[35mCREATE TABLE "customers" ("id" integer PRIMARY KEY AUTOINCREMENT NOT NULL, "email" varchar DEFAULT '' NOT NULL, "encrypted_password" varchar DEFAULT '' NOT NULL, "reset_password_token" varchar, "reset_password_sent_at" datetime, "remember_created_at" datetime, "last_name" varchar DEFAULT '' NOT NULL, "first_name" varchar DEFAULT '' NOT NULL, "last_name_kana" varchar DEFAULT '' NOT NULL, "first_name_kana" varchar DEFAULT '' NOT NULL, "postal_code" varchar DEFAULT '' NOT NULL, "address" varchar DEFAULT '' NOT NULL, "telephone_number" varchar DEFAULT '' NOT NULL, "is_active" boolean DEFAULT 1 NOT NULL, "created_at" datetime NOT NULL, "updated_at" datetime NOT NULL)[0m
  â†³ db/migrate/20211008115751_devise_create_customers.rb:5
  [1m[35m (0.2ms)[0m  [1m[35mCREATE UNIQUE INDEX "index_customers_on_email" ON "customers" ("email")[0m
  â†³ db/migrate/20211008115751_devise_create_customers.rb:49
  [1m[35m (0.1ms)[0m  [1m[35mCREATE UNIQUE INDEX "index_customers_on_reset_password_token" ON "customers" ("reset_password_token")[0m
  â†³ db/migrate/20211008115751_devise_create_customers.rb:50
  [1m[36mActiveRecord::SchemaMigration Create (0.1ms)[0m  [1m[32mINSERT INTO "schema_migrations" ("version") VALUES (?)[0m  [["version", "20211008115751"]]
  â†³ bin/rails:9
  [1m[35m (5.7ms)[0m  [1m[36mcommit transaction[0m
  â†³ bin/rails:9
Migrating to DeviseCreateAdmins (20211008115804)
  [1m[35m (0.0ms)[0m  [1m[36mbegin transaction[0m
  â†³ bin/rails:9
  [1m[35m (0.2ms)[0m  [1m[35mCREATE TABLE "admins" ("id" integer PRIMARY KEY AUTOINCREMENT NOT NULL, "email" varchar DEFAULT '' NOT NULL, "encrypted_password" varchar DEFAULT '' NOT NULL, "reset_password_token" varchar, "reset_password_sent_at" datetime, "remember_created_at" datetime, "created_at" datetime NOT NULL, "updated_at" datetime NOT NULL)[0m
  â†³ db/migrate/20211008115804_devise_create_admins.rb:5
  [1m[35m (0.2ms)[0m  [1m[35mCREATE UNIQUE INDEX "index_admins_on_email" ON "admins" ("email")[0m
  â†³ db/migrate/20211008115804_devise_create_admins.rb:41
  [1m[35m (0.1ms)[0m  [1m[35mCREATE UNIQUE INDEX "index_admins_on_reset_password_token" ON "admins" ("reset_password_token")[0m
  â†³ db/migrate/20211008115804_devise_create_admins.rb:42
  [1m[36mActiveRecord::SchemaMigration Create (0.1ms)[0m  [1m[32mINSERT INTO "schema_migrations" ("version") VALUES (?)[0m  [["version", "20211008115804"]]
  â†³ bin/rails:9
  [1m[35m (3.7ms)[0m  [1m[36mcommit transaction[0m
  â†³ bin/rails:9
Migrating to CreateAdresses (20211008122124)
  [1m[35m (0.0ms)[0m  [1m[36mbegin transaction[0m
  â†³ bin/rails:9
  [1m[35m (0.3ms)[0m  [1m[35mCREATE TABLE "adresses" ("id" integer PRIMARY KEY AUTOINCREMENT NOT NULL, "customer_id" integer DEFAULT NULL NOT NULL, "name" varchar DEFAULT '' NOT NULL, "postal_code" varchar DEFAULT '' NOT NULL, "address" varchar DEFAULT '' NOT NULL, "created_at" datetime NOT NULL, "updated_at" datetime NOT NULL)[0m
  â†³ db/migrate/20211008122124_create_adresses.rb:3
  [1m[36mActiveRecord::SchemaMigration Create (0.1ms)[0m  [1m[32mINSERT INTO "schema_migrations" ("version") VALUES (?)[0m  [["version", "20211008122124"]]
  â†³ bin/rails:9
  [1m[35m (4.2ms)[0m  [1m[36mcommit transaction[0m
  â†³ bin/rails:9
Migrating to CreateItems (20211008122348)
  [1m[35m (0.0ms)[0m  [1m[36mbegin transaction[0m
  â†³ bin/rails:9
  [1m[35m (0.2ms)[0m  [1m[35mCREATE TABLE "items" ("id" integer PRIMARY KEY AUTOINCREMENT NOT NULL, "genre_id" integer DEFAULT NULL NOT NULL, "name" varchar DEFAULT '' NOT NULL, "image_id" varchar DEFAULT '' NOT NULL, "introduction" text DEFAULT '' NOT NULL, "price" integer DEFAULT NULL NOT NULL, "is_active" boolean DEFAULT 1 NOT NULL, "created_at" datetime NOT NULL, "updated_at" datetime NOT NULL)[0m
  â†³ db/migrate/20211008122348_create_items.rb:3
  [1m[36mActiveRecord::SchemaMigration Create (0.1ms)[0m  [1m[32mINSERT INTO "schema_migrations" ("version") VALUES (?)[0m  [["version", "20211008122348"]]
  â†³ bin/rails:9
  [1m[35m (3.3ms)[0m  [1m[36mcommit transaction[0m
  â†³ bin/rails:9
Migrating to CreateGenres (20211008122600)
  [1m[35m (0.0ms)[0m  [1m[36mbegin transaction[0m
  â†³ bin/rails:9
  [1m[35m (0.2ms)[0m  [1m[35mCREATE TABLE "genres" ("id" integer PRIMARY KEY AUTOINCREMENT NOT NULL, "name" varchar DEFAULT '' NOT NULL, "created_at" datetime NOT NULL, "updated_at" datetime NOT NULL)[0m
  â†³ db/migrate/20211008122600_create_genres.rb:3
  [1m[36mActiveRecord::SchemaMigration Create (0.1ms)[0m  [1m[32mINSERT INTO "schema_migrations" ("version") VALUES (?)[0m  [["version", "20211008122600"]]
  â†³ bin/rails:9
  [1m[35m (3.6ms)[0m  [1m[36mcommit transaction[0m
  â†³ bin/rails:9
Migrating to CreateCartItems (20211008122742)
  [1m[35m (0.0ms)[0m  [1m[36mbegin transaction[0m
  â†³ bin/rails:9
  [1m[35m (0.3ms)[0m  [1m[35mCREATE TABLE "cart_items" ("id" integer PRIMARY KEY AUTOINCREMENT NOT NULL, "item_id" integer DEFAULT NULL NOT NULL, "customer_id" integer DEFAULT NULL NOT NULL, "amount" integer DEFAULT NULL NOT NULL, "created_at" datetime NOT NULL, "updated_at" datetime NOT NULL)[0m
  â†³ db/migrate/20211008122742_create_cart_items.rb:3
  [1m[36mActiveRecord::SchemaMigration Create (0.1ms)[0m  [1m[32mINSERT INTO "schema_migrations" ("version") VALUES (?)[0m  [["version", "20211008122742"]]
  â†³ bin/rails:9
  [1m[35m (6.6ms)[0m  [1m[36mcommit transaction[0m
  â†³ bin/rails:9
Migrating to CreateOrders (20211008123000)
  [1m[35m (0.1ms)[0m  [1m[36mbegin transaction[0m
  â†³ bin/rails:9
  [1m[35m (0.3ms)[0m  [1m[35mCREATE TABLE "orders" ("id" integer PRIMARY KEY AUTOINCREMENT NOT NULL, "customer_id" integer DEFAULT NULL NOT NULL, "ordered_postal_code" varchar DEFAULT '' NOT NULL, "ordered_address" varchar DEFAULT '' NOT NULL, "ordered_name" varchar DEFAULT '' NOT NULL, "shipping_fee" integer DEFAULT NULL NOT NULL, "amount_billed" integer DEFAULT NULL NOT NULL, "payment_method" integer DEFAULT NULL NOT NULL, "ordered_status" integer DEFAULT 0 NOT NULL, "created_at" datetime NOT NULL, "updated_at" datetime NOT NULL)[0m
  â†³ db/migrate/20211008123000_create_orders.rb:3
  [1m[36mActiveRecord::SchemaMigration Create (0.1ms)[0m  [1m[32mINSERT INTO "schema_migrations" ("version") VALUES (?)[0m  [["version", "20211008123000"]]
  â†³ bin/rails:9
  [1m[35m (12.3ms)[0m  [1m[36mcommit transaction[0m
  â†³ bin/rails:9
Migrating to CreateOrderDetails (20211008124246)
  [1m[35m (0.1ms)[0m  [1m[36mbegin transaction[0m
  â†³ bin/rails:9
  [1m[35m (0.3ms)[0m  [1m[35mCREATE TABLE "order_details" ("id" integer PRIMARY KEY AUTOINCREMENT NOT NULL, "item_id" integer DEFAULT NULL NOT NULL, "order_id" integer DEFAULT NULL NOT NULL, "price" integer DEFAULT NULL NOT NULL, "amount" integer DEFAULT NULL NOT NULL, "make_status" integer DEFAULT 0 NOT NULL, "created_at" datetime NOT NULL, "updated_at" datetime NOT NULL)[0m
  â†³ db/migrate/20211008124246_create_order_details.rb:3
  [1m[36mActiveRecord::SchemaMigration Create (0.1ms)[0m  [1m[32mINSERT INTO "schema_migrations" ("version") VALUES (?)[0m  [["version", "20211008124246"]]
  â†³ bin/rails:9
  [1m[35m (6.9ms)[0m  [1m[36mcommit transaction[0m
  â†³ bin/rails:9
  [1m[36mActiveRecord::InternalMetadata Load (0.2ms)[0m  [1m[34mSELECT  "ar_internal_metadata".* FROM "ar_internal_metadata" WHERE "ar_internal_metadata"."key" = ? LIMIT ?[0m  [["key", "environment"], ["LIMIT", 1]]
  â†³ bin/rails:9
  [1m[35m (0.1ms)[0m  [1m[36mbegin transaction[0m
  â†³ bin/rails:9
  [1m[36mActiveRecord::InternalMetadata Create (1.8ms)[0m  [1m[32mINSERT INTO "ar_internal_metadata" ("key", "value", "created_at", "updated_at") VALUES (?, ?, ?, ?)[0m  [["key", "environment"], ["value", "development"], ["created_at", "2021-10-22 14:10:25.816652"], ["updated_at", "2021-10-22 14:10:25.816652"]]
  â†³ bin/rails:9
  [1m[35m (3.0ms)[0m  [1m[36mcommit transaction[0m
  â†³ bin/rails:9
  [1m[35m (0.1ms)[0m  [1m[34mSELECT "schema_migrations"."version" FROM "schema_migrations" ORDER BY "schema_migrations"."version" ASC[0m
  â†³ bin/rails:9
Started GET "/orders/new" for 175.177.42.146 at 2021-10-22 14:10:49 +0000
Cannot render console from 175.177.42.146! Allowed networks: 127.0.0.1, ::1, 127.0.0.0/127.255.255.255
  [1m[35m (0.1ms)[0m  [1m[34mSELECT "schema_migrations"."version" FROM "schema_migrations" ORDER BY "schema_migrations"."version" ASC[0m
  â†³ /home/ec2-user/.rvm/gems/ruby-2.6.3/gems/activerecord-5.2.6/lib/active_record/log_subscriber.rb:98
Processing by Public::OrdersController#new as HTML
Completed 404 Not Found in 31ms (ActiveRecord: 0.7ms)


  
ActiveRecord::RecordNotFound (Couldn't find Order without an ID):
  
app/controllers/public/orders_controller.rb:4:in `new'
Started GET "/customers/sign_up" for 175.177.42.146 at 2021-10-22 14:11:22 +0000
Cannot render console from 175.177.42.146! Allowed networks: 127.0.0.1, ::1, 127.0.0.0/127.255.255.255
Processing by Customers::RegistrationsController#new as HTML
  Rendering customers/registrations/new.html.erb within layouts/application
  Rendered customers/shared/_error_messages.html.erb (0.4ms)
  Rendered customers/shared/_links.html.erb (5.5ms)
  Rendered customers/registrations/new.html.erb within layouts/application (121.0ms)
Started GET "/customers/sign_up" for 175.177.42.146 at 2021-10-22 14:11:26 +0000
Cannot render console from 175.177.42.146! Allowed networks: 127.0.0.1, ::1, 127.0.0.0/127.255.255.255
Processing by Customers::RegistrationsController#new as HTML
  Rendering customers/registrations/new.html.erb within layouts/application
  Rendered customers/shared/_error_messages.html.erb (0.5ms)
  Rendered customers/shared/_links.html.erb (3.0ms)
  Rendered customers/registrations/new.html.erb within layouts/application (125.9ms)
Started GET "/customers/sign_up" for 175.177.42.146 at 2021-10-22 14:11:32 +0000
Cannot render console from 175.177.42.146! Allowed networks: 127.0.0.1, ::1, 127.0.0.0/127.255.255.255
Processing by Customers::RegistrationsController#new as HTML
  Rendering customers/registrations/new.html.erb within layouts/application
  Rendered customers/shared/_error_messages.html.erb (0.5ms)
  Rendered customers/shared/_links.html.erb (11.6ms)
  Rendered customers/registrations/new.html.erb within layouts/application (123.3ms)
Completed 200 OK in 18602ms (Views: 18593.6ms | ActiveRecord: 0.0ms)


Completed 200 OK in 22587ms (Views: 22539.7ms | ActiveRecord: 0.6ms)


Completed 200 OK in 12066ms (Views: 12064.0ms | ActiveRecord: 0.0ms)


Started POST "/customers" for 175.177.42.146 at 2021-10-22 14:12:17 +0000
Cannot render console from 175.177.42.146! Allowed networks: 127.0.0.1, ::1, 127.0.0.0/127.255.255.255
Processing by Customers::RegistrationsController#create as HTML
  Parameters: {"utf8"=>"âœ“", "authenticity_token"=>"5a+srQcJz/BzJlokuK+zOLq7PPI4gAyfiY0Roiw1aGqNi/b46LO2C8Re20NhpaTGf/okR8lrUNz7WZEX8WEetQ==", "customer"=>{"last_name"=>"ãˆ", "first_name"=>"ãˆ", "last_name_kana"=>"ã‚¨", "first_name_kana"=>"ã‚¨", "email"=>"e@e", "postal_code"=>"4444444", "address"=>"ãˆ", "telephone_number"=>"4444444444", "password"=>"[FILTERED]", "password_confirmation"=>"[FILTERED]"}, "commit"=>"æ–°è¦ç™»éŒ²"}
  [1m[35m (0.1ms)[0m  [1m[36mbegin transaction[0m
  â†³ /home/ec2-user/.rvm/gems/ruby-2.6.3/gems/activerecord-5.2.6/lib/active_record/log_subscriber.rb:98
  [1m[36mCustomer Exists (0.2ms)[0m  [1m[34mSELECT  1 AS one FROM "customers" WHERE "customers"."email" = ? LIMIT ?[0m  [["email", "e@e"], ["LIMIT", 1]]
  â†³ /home/ec2-user/.rvm/gems/ruby-2.6.3/gems/activerecord-5.2.6/lib/active_record/log_subscriber.rb:98
  [1m[36mCustomer Create (1.4ms)[0m  [1m[32mINSERT INTO "customers" ("email", "encrypted_password", "last_name", "first_name", "last_name_kana", "first_name_kana", "postal_code", "address", "telephone_number", "created_at", "updated_at") VALUES (?, ?, ?, ?, ?, ?, ?, ?, ?, ?, ?)[0m  [["email", "e@e"], ["encrypted_password", "$2a$12$/./Cq5xiWJmCjsY.8caFtOAvDWnBpQaanTyF4jsWDh0v0Da04FwGm"], ["last_name", "ãˆ"], ["first_name", "ãˆ"], ["last_name_kana", "ã‚¨"], ["first_name_kana", "ã‚¨"], ["postal_code", "4444444"], ["address", "ãˆ"], ["telephone_number", "4444444444"], ["created_at", "2021-10-22 14:12:17.903768"], ["updated_at", "2021-10-22 14:12:17.903768"]]
  â†³ /home/ec2-user/.rvm/gems/ruby-2.6.3/gems/activerecord-5.2.6/lib/active_record/log_subscriber.rb:98
  [1m[35m (4.6ms)[0m  [1m[36mcommit transaction[0m
  â†³ /home/ec2-user/.rvm/gems/ruby-2.6.3/gems/activerecord-5.2.6/lib/active_record/log_subscriber.rb:98
Redirected to https://ef7e6f3cf2c647159a4a1b1501b78222.vfs.cloud9.us-east-1.amazonaws.com/customers/my_page
Completed 302 Found in 359ms (ActiveRecord: 6.2ms)


Started GET "/customers/my_page" for 175.177.42.146 at 2021-10-22 14:12:18 +0000
Cannot render console from 175.177.42.146! Allowed networks: 127.0.0.1, ::1, 127.0.0.0/127.255.255.255
Processing by Public::CustomersController#show as HTML
  [1m[36mCustomer Load (0.2ms)[0m  [1m[34mSELECT  "customers".* FROM "customers" WHERE "customers"."id" = ? ORDER BY "customers"."id" ASC LIMIT ?[0m  [["id", 1], ["LIMIT", 1]]
  â†³ app/controllers/public/customers_controller.rb:4
  Rendering public/customers/show.html.erb within layouts/application
  Rendered public/customers/show.html.erb within layouts/application (0.9ms)
Completed 200 OK in 120ms (Views: 106.4ms | ActiveRecord: 0.2ms)


Started GET "/addresses" for 175.177.42.146 at 2021-10-22 14:12:25 +0000
Cannot render console from 175.177.42.146! Allowed networks: 127.0.0.1, ::1, 127.0.0.0/127.255.255.255
  
ActionController::RoutingError (uninitialized constant Public::AddressesController):
  
activesupport (5.2.6) lib/active_support/inflector/methods.rb:285:in `const_get'
activesupport (5.2.6) lib/active_support/inflector/methods.rb:285:in `block in constantize'
activesupport (5.2.6) lib/active_support/inflector/methods.rb:281:in `each'
activesupport (5.2.6) lib/active_support/inflector/methods.rb:281:in `inject'
activesupport (5.2.6) lib/active_support/inflector/methods.rb:281:in `constantize'
actionpack (5.2.6) lib/action_dispatch/http/request.rb:88:in `controller_class_for'
actionpack (5.2.6) lib/action_dispatch/http/request.rb:81:in `controller_class'
actionpack (5.2.6) lib/action_dispatch/routing/route_set.rb:46:in `controller'
actionpack (5.2.6) lib/action_dispatch/routing/route_set.rb:32:in `serve'
actionpack (5.2.6) lib/action_dispatch/journey/router.rb:52:in `block in serve'
actionpack (5.2.6) lib/action_dispatch/journey/router.rb:35:in `each'
actionpack (5.2.6) lib/action_dispatch/journey/router.rb:35:in `serve'
actionpack (5.2.6) lib/action_dispatch/routing/route_set.rb:840:in `call'
warden (1.2.9) lib/warden/manager.rb:36:in `block in call'
warden (1.2.9) lib/warden/manager.rb:34:in `catch'
warden (1.2.9) lib/warden/manager.rb:34:in `call'
rack (2.2.3) lib/rack/tempfile_reaper.rb:15:in `call'
rack (2.2.3) lib/rack/etag.rb:27:in `call'
rack (2.2.3) lib/rack/conditional_get.rb:27:in `call'
rack (2.2.3) lib/rack/head.rb:12:in `call'
actionpack (5.2.6) lib/action_dispatch/http/content_security_policy.rb:18:in `call'
rack (2.2.3) lib/rack/session/abstract/id.rb:266:in `context'
rack (2.2.3) lib/rack/session/abstract/id.rb:260:in `call'
actionpack (5.2.6) lib/action_dispatch/middleware/cookies.rb:670:in `call'
activerecord (5.2.6) lib/active_record/migration.rb:559:in `call'
actionpack (5.2.6) lib/action_dispatch/middleware/callbacks.rb:28:in `block in call'
activesupport (5.2.6) lib/active_support/callbacks.rb:98:in `run_callbacks'
actionpack (5.2.6) lib/action_dispatch/middleware/callbacks.rb:26:in `call'
actionpack (5.2.6) lib/action_dispatch/middleware/executor.rb:14:in `call'
actionpack (5.2.6) lib/action_dispatch/middleware/debug_exceptions.rb:61:in `call'
web-console (3.7.0) lib/web_console/middleware.rb:135:in `call_app'
web-console (3.7.0) lib/web_console/middleware.rb:22:in `block in call'
web-console (3.7.0) lib/web_console/middleware.rb:20:in `catch'
web-console (3.7.0) lib/web_console/middleware.rb:20:in `call'
actionpack (5.2.6) lib/action_dispatch/middleware/show_exceptions.rb:33:in `call'
railties (5.2.6) lib/rails/rack/logger.rb:38:in `call_app'
railties (5.2.6) lib/rails/rack/logger.rb:26:in `block in call'
activesupport (5.2.6) lib/active_support/tagged_logging.rb:71:in `block in tagged'
activesupport (5.2.6) lib/active_support/tagged_logging.rb:28:in `tagged'
activesupport (5.2.6) lib/active_support/tagged_logging.rb:71:in `tagged'
railties (5.2.6) lib/rails/rack/logger.rb:26:in `call'
sprockets-rails (3.2.2) lib/sprockets/rails/quiet_assets.rb:13:in `call'
actionpack (5.2.6) lib/action_dispatch/middleware/remote_ip.rb:81:in `call'
actionpack (5.2.6) lib/action_dispatch/middleware/request_id.rb:27:in `call'
rack (2.2.3) lib/rack/method_override.rb:24:in `call'
rack (2.2.3) lib/rack/runtime.rb:22:in `call'
activesupport (5.2.6) lib/active_support/cache/strategy/local_cache_middleware.rb:29:in `call'
actionpack (5.2.6) lib/action_dispatch/middleware/executor.rb:14:in `call'
actionpack (5.2.6) lib/action_dispatch/middleware/static.rb:127:in `call'
rack (2.2.3) lib/rack/sendfile.rb:110:in `call'
railties (5.2.6) lib/rails/engine.rb:524:in `call'
puma (3.12.6) lib/puma/configuration.rb:227:in `call'
puma (3.12.6) lib/puma/server.rb:706:in `handle_request'
puma (3.12.6) lib/puma/server.rb:476:in `process_client'
puma (3.12.6) lib/puma/server.rb:334:in `block in run'
puma (3.12.6) lib/puma/thread_pool.rb:135:in `block in spawn_thread'
Started GET "/customers/my_page" for 175.177.42.146 at 2021-10-22 14:12:37 +0000
Cannot render console from 175.177.42.146! Allowed networks: 127.0.0.1, ::1, 127.0.0.0/127.255.255.255
Processing by Public::CustomersController#show as HTML
  [1m[36mCustomer Load (0.1ms)[0m  [1m[34mSELECT  "customers".* FROM "customers" WHERE "customers"."id" = ? ORDER BY "customers"."id" ASC LIMIT ?[0m  [["id", 1], ["LIMIT", 1]]
  â†³ app/controllers/public/customers_controller.rb:4
  Rendering public/customers/show.html.erb within layouts/application
  Rendered public/customers/show.html.erb within layouts/application (2.0ms)
Completed 200 OK in 107ms (Views: 102.9ms | ActiveRecord: 0.1ms)


Started GET "/orders" for 175.177.42.146 at 2021-10-22 14:12:39 +0000
Cannot render console from 175.177.42.146! Allowed networks: 127.0.0.1, ::1, 127.0.0.0/127.255.255.255
Processing by Public::OrdersController#index as HTML
Completed 406 Not Acceptable in 124ms (ActiveRecord: 0.0ms)


  
ActionController::UnknownFormat (Public::OrdersController#index is missing a template for this request format and variant.

request.formats: ["text/html"]
request.variant: []

NOTE! For XHR/Ajax or API requests, this action would normally respond with 204 No Content: an empty white screen. Since you're loading it in a web browser, we assume that you expected to actually render a template, not nothing, so we're showing an error to be extra-clear. If you expect 204 No Content, carry on. That's what you'll get from an XHR or API request. Give it a shot.):
  
actionpack (5.2.6) lib/action_controller/metal/implicit_render.rb:55:in `default_render'
actionpack (5.2.6) lib/action_controller/metal/basic_implicit_render.rb:6:in `block in send_action'
actionpack (5.2.6) lib/action_controller/metal/basic_implicit_render.rb:6:in `tap'
actionpack (5.2.6) lib/action_controller/metal/basic_implicit_render.rb:6:in `send_action'
actionpack (5.2.6) lib/abstract_controller/base.rb:194:in `process_action'
actionpack (5.2.6) lib/action_controller/metal/rendering.rb:30:in `process_action'
actionpack (5.2.6) lib/abstract_controller/callbacks.rb:42:in `block in process_action'
activesupport (5.2.6) lib/active_support/callbacks.rb:132:in `run_callbacks'
actionpack (5.2.6) lib/abstract_controller/callbacks.rb:41:in `process_action'
actionpack (5.2.6) lib/action_controller/metal/rescue.rb:22:in `process_action'
actionpack (5.2.6) lib/action_controller/metal/instrumentation.rb:34:in `block in process_action'
activesupport (5.2.6) lib/active_support/notifications.rb:168:in `block in instrument'
activesupport (5.2.6) lib/active_support/notifications/instrumenter.rb:23:in `instrument'
activesupport (5.2.6) lib/active_support/notifications.rb:168:in `instrument'
actionpack (5.2.6) lib/action_controller/metal/instrumentation.rb:32:in `process_action'
actionpack (5.2.6) lib/action_controller/metal/params_wrapper.rb:256:in `process_action'
activerecord (5.2.6) lib/active_record/railties/controller_runtime.rb:24:in `process_action'
actionpack (5.2.6) lib/abstract_controller/base.rb:134:in `process'
actionview (5.2.6) lib/action_view/rendering.rb:32:in `process'
actionpack (5.2.6) lib/action_controller/metal.rb:191:in `dispatch'
actionpack (5.2.6) lib/action_controller/metal.rb:252:in `dispatch'
actionpack (5.2.6) lib/action_dispatch/routing/route_set.rb:52:in `dispatch'
actionpack (5.2.6) lib/action_dispatch/routing/route_set.rb:34:in `serve'
actionpack (5.2.6) lib/action_dispatch/journey/router.rb:52:in `block in serve'
actionpack (5.2.6) lib/action_dispatch/journey/router.rb:35:in `each'
actionpack (5.2.6) lib/action_dispatch/journey/router.rb:35:in `serve'
actionpack (5.2.6) lib/action_dispatch/routing/route_set.rb:840:in `call'
warden (1.2.9) lib/warden/manager.rb:36:in `block in call'
warden (1.2.9) lib/warden/manager.rb:34:in `catch'
warden (1.2.9) lib/warden/manager.rb:34:in `call'
rack (2.2.3) lib/rack/tempfile_reaper.rb:15:in `call'
rack (2.2.3) lib/rack/etag.rb:27:in `call'
rack (2.2.3) lib/rack/conditional_get.rb:27:in `call'
rack (2.2.3) lib/rack/head.rb:12:in `call'
actionpack (5.2.6) lib/action_dispatch/http/content_security_policy.rb:18:in `call'
rack (2.2.3) lib/rack/session/abstract/id.rb:266:in `context'
rack (2.2.3) lib/rack/session/abstract/id.rb:260:in `call'
actionpack (5.2.6) lib/action_dispatch/middleware/cookies.rb:670:in `call'
activerecord (5.2.6) lib/active_record/migration.rb:559:in `call'
actionpack (5.2.6) lib/action_dispatch/middleware/callbacks.rb:28:in `block in call'
activesupport (5.2.6) lib/active_support/callbacks.rb:98:in `run_callbacks'
actionpack (5.2.6) lib/action_dispatch/middleware/callbacks.rb:26:in `call'
actionpack (5.2.6) lib/action_dispatch/middleware/executor.rb:14:in `call'
actionpack (5.2.6) lib/action_dispatch/middleware/debug_exceptions.rb:61:in `call'
web-console (3.7.0) lib/web_console/middleware.rb:135:in `call_app'
web-console (3.7.0) lib/web_console/middleware.rb:22:in `block in call'
web-console (3.7.0) lib/web_console/middleware.rb:20:in `catch'
web-console (3.7.0) lib/web_console/middleware.rb:20:in `call'
actionpack (5.2.6) lib/action_dispatch/middleware/show_exceptions.rb:33:in `call'
railties (5.2.6) lib/rails/rack/logger.rb:38:in `call_app'
railties (5.2.6) lib/rails/rack/logger.rb:26:in `block in call'
activesupport (5.2.6) lib/active_support/tagged_logging.rb:71:in `block in tagged'
activesupport (5.2.6) lib/active_support/tagged_logging.rb:28:in `tagged'
activesupport (5.2.6) lib/active_support/tagged_logging.rb:71:in `tagged'
railties (5.2.6) lib/rails/rack/logger.rb:26:in `call'
sprockets-rails (3.2.2) lib/sprockets/rails/quiet_assets.rb:13:in `call'
actionpack (5.2.6) lib/action_dispatch/middleware/remote_ip.rb:81:in `call'
actionpack (5.2.6) lib/action_dispatch/middleware/request_id.rb:27:in `call'
rack (2.2.3) lib/rack/method_override.rb:24:in `call'
rack (2.2.3) lib/rack/runtime.rb:22:in `call'
activesupport (5.2.6) lib/active_support/cache/strategy/local_cache_middleware.rb:29:in `call'
actionpack (5.2.6) lib/action_dispatch/middleware/executor.rb:14:in `call'
actionpack (5.2.6) lib/action_dispatch/middleware/static.rb:127:in `call'
rack (2.2.3) lib/rack/sendfile.rb:110:in `call'
railties (5.2.6) lib/rails/engine.rb:524:in `call'
puma (3.12.6) lib/puma/configuration.rb:227:in `call'
puma (3.12.6) lib/puma/server.rb:706:in `handle_request'
puma (3.12.6) lib/puma/server.rb:476:in `process_client'
puma (3.12.6) lib/puma/server.rb:334:in `block in run'
puma (3.12.6) lib/puma/thread_pool.rb:135:in `block in spawn_thread'
Started GET "/customers/my_page" for 175.177.42.146 at 2021-10-22 14:12:46 +0000
Cannot render console from 175.177.42.146! Allowed networks: 127.0.0.1, ::1, 127.0.0.0/127.255.255.255
Processing by Public::CustomersController#show as HTML
  [1m[36mCustomer Load (0.1ms)[0m  [1m[34mSELECT  "customers".* FROM "customers" WHERE "customers"."id" = ? ORDER BY "customers"."id" ASC LIMIT ?[0m  [["id", 1], ["LIMIT", 1]]
  â†³ app/controllers/public/customers_controller.rb:4
  Rendering public/customers/show.html.erb within layouts/application
  Rendered public/customers/show.html.erb within layouts/application (2.7ms)
Completed 200 OK in 116ms (Views: 112.7ms | ActiveRecord: 0.1ms)


Started GET "/customers/edit.1" for 175.177.42.146 at 2021-10-22 14:16:26 +0000
Cannot render console from 175.177.42.146! Allowed networks: 127.0.0.1, ::1, 127.0.0.0/127.255.255.255
  [1m[35m (0.1ms)[0m  [1m[34mSELECT "schema_migrations"."version" FROM "schema_migrations" ORDER BY "schema_migrations"."version" ASC[0m
  â†³ /home/ec2-user/.rvm/gems/ruby-2.6.3/gems/activerecord-5.2.6/lib/active_record/log_subscriber.rb:98
Processing by Customers::RegistrationsController#edit as 
  [1m[36mCustomer Load (0.2ms)[0m  [1m[34mSELECT  "customers".* FROM "customers" WHERE "customers"."id" = ? ORDER BY "customers"."id" ASC LIMIT ?[0m  [["id", 1], ["LIMIT", 1]]
  â†³ /home/ec2-user/.rvm/gems/ruby-2.6.3/gems/activerecord-5.2.6/lib/active_record/log_subscriber.rb:98
  Rendering customers/registrations/edit.html.erb within layouts/application
  Rendered customers/registrations/edit.html.erb within layouts/application (11.2ms)
Completed 500 Internal Server Error in 62ms (ActiveRecord: 0.9ms)


  
ActionView::Template::Error (Missing partial public/customers/shared/_error_messages with {:locale=>[:ja], :formats=>[:html, :text, :js, :css, :ics, :csv, :vcf, :vtt, :png, :jpeg, :gif, :bmp, :tiff, :svg, :mpeg, :mp3, :ogg, :m4a, :webm, :mp4, :otf, :ttf, :woff, :woff2, :xml, :rss, :atom, :yaml, :multipart_form, :url_encoded_form, :json, :pdf, :zip, :gzip], :variants=>[], :handlers=>[:raw, :erb, :html, :builder, :ruby, :coffee, :jbuilder]}. Searched in:
  * "/home/ec2-user/environment/nagano_cake/app/views"
  * "/home/ec2-user/.rvm/gems/ruby-2.6.3/gems/kaminari-core-1.2.1/app/views"
  * "/home/ec2-user/.rvm/gems/ruby-2.6.3/gems/devise-4.8.0/app/views"
):
    1: <h2>Edit <%= resource_name.to_s.humanize %></h2>
    2: 
    3: <%= form_for(resource, as: resource_name, url: registration_path(resource_name), html: { method: :put }) do |f| %>
    4:   <%= render "public/customers/shared/error_messages", resource: resource %>
    5: 
    6:   <div class="field">
    7:     <%= f.label :email %><br />
  
app/views/customers/registrations/edit.html.erb:4:in `block in _app_views_customers_registrations_edit_html_erb___3947852570473509114_56712180'
app/views/customers/registrations/edit.html.erb:3:in `_app_views_customers_registrations_edit_html_erb___3947852570473509114_56712180'
Started GET "/customers/edit.1" for 175.177.42.146 at 2021-10-22 14:17:13 +0000
Cannot render console from 175.177.42.146! Allowed networks: 127.0.0.1, ::1, 127.0.0.0/127.255.255.255
Processing by Customers::RegistrationsController#edit as 
  [1m[36mCustomer Load (0.1ms)[0m  [1m[34mSELECT  "customers".* FROM "customers" WHERE "customers"."id" = ? ORDER BY "customers"."id" ASC LIMIT ?[0m  [["id", 1], ["LIMIT", 1]]
  â†³ /home/ec2-user/.rvm/gems/ruby-2.6.3/gems/activerecord-5.2.6/lib/active_record/log_subscriber.rb:98
  Rendering customers/registrations/edit.html.erb within layouts/application
  Rendered customers/shared/_error_messages.html.erb (0.5ms)
  Rendered customers/registrations/edit.html.erb within layouts/application (29.1ms)
Completed 200 OK in 546ms (Views: 542.1ms | ActiveRecord: 0.1ms)


